#
# A fatal error has been detected by the Java Runtime Environment:
#
#  EXCEPTION_ACCESS_VIOLATION (0xc0000005) at pc=0x000000005e57c1e6, pid=17312, tid=0x0000000000001e70
#
# JRE version: OpenJDK Runtime Environment (8.0_152-b06) (build 1.8.0_152-release-1136-b06)
# Java VM: OpenJDK 64-Bit Server VM (25.152-b06 mixed mode windows-amd64 compressed oops)
# Problematic frame:
# V  [jvm.dll+0x9c1e6]
#
# Failed to write core dump. Minidumps are not enabled by default on client versions of Windows
#
# If you would like to submit a bug report, please visit:
#   http://bugreport.java.com/bugreport/crash.jsp
#

---------------  T H R E A D  ---------------

Current thread (0x0000000023ce0000):  JavaThread "Daemon worker Thread 6" [_thread_in_vm, id=7792, stack(0x000000003ecd0000,0x000000003edd0000)]

siginfo: ExceptionCode=0xc0000005, reading address 0x0000000755db14c0

Registers:
RAX=0x0000000755db14c0, RBX=0x0000000027f859e0, RCX=0x0000000000000021, RDX=0x00000000cab56028
RSP=0x000000003edc9ef0, RBP=0x000000003edc9ff0, RSI=0x0000000015f77c40, RDI=0x00000001003011d8
R8 =0x000000000000000e, R9 =0x0000000027f859e0, R10=0x0000000015f77c40, R11=0x000000000000000d
R12=0x0000000023ce0000, R13=0x000000003edca2d0, R14=0x0000000023ce0000, R15=0x000000003edcac30
RIP=0x000000005e57c1e6, EFLAGS=0x0000000000010206

Top of Stack: (sp=0x000000003edc9ef0)
0x000000003edc9ef0:   000000003edc9ff0 00000001002ff898
0x000000003edc9f00:   0000000023ce0000 0000000027f859e0
0x000000003edc9f10:   0000000023ce0000 0000000002a5d090
0x000000003edc9f20:   0000000015f77c40 0000000023ce0000
0x000000003edc9f30:   0000000002a57b80 000000005e5795c0
0x000000003edc9f40:   00000001003011d8 0000000000000000
0x000000003edc9f50:   0000000000000000 000000003edca2c0
0x000000003edc9f60:   0000000023ce0000 000000003edca000
0x000000003edc9f70:   0000000023ce0000 000000002119f8c0
0x000000003edc9f80:   0000000023ce0000 000000005e57cd3d
0x000000003edc9f90:   0000000002a5d090 000000005e532d7c
0x000000003edc9fa0:   000000001d401458 00000000000003d8
0x000000003edc9fb0:   000000001d401080 000000000000000b
0x000000003edc9fc0:   0000000000000000 0000000023ce0000
0x000000003edc9fd0:   000000001d401070 000000005e5345f2
0x000000003edc9fe0:   0000000002a57b8a 0000000000000014 

Instructions: (pc=0x000000005e57c1e6)
0x000000005e57c1c6:   38 0f b6 87 fe 00 00 00 c0 e8 03 a8 01 74 14 48
0x000000005e57c1d6:   8b cf e8 83 34 f7 ff 48 85 c0 75 04 33 ff eb 03
0x000000005e57c1e6:   48 8b 38 8b 87 9c 00 00 00 c1 e8 09 a8 01 0f 84
0x000000005e57c1f6:   85 01 00 00 48 8b 85 b0 02 00 00 48 85 c0 0f 84 


Register to memory mapping:

RAX=0x0000000755db14c0 is an unknown value
RBX=0x0000000027f859e0 is an unknown value
RCX=0x0000000000000021 is an unknown value
RDX=0x00000000cab56028 is an unallocated location in the heap
RSP=0x000000003edc9ef0 is pointing into the stack for thread: 0x0000000023ce0000
RBP=0x000000003edc9ff0 is pointing into the stack for thread: 0x0000000023ce0000
RSI={method} {0x0000000015f77c48} 'containsAll' '(Ljava/util/Collection;)Z' in 'java/util/AbstractCollection'
RDI=0x00000001003011d8 is pointing into metadata
R8 =0x000000000000000e is an unknown value
R9 =0x0000000027f859e0 is an unknown value
R10={method} {0x0000000015f77c48} 'containsAll' '(Ljava/util/Collection;)Z' in 'java/util/AbstractCollection'
R11=0x000000000000000d is an unknown value
R12=0x0000000023ce0000 is a thread
R13=0x000000003edca2d0 is pointing into the stack for thread: 0x0000000023ce0000
R14=0x0000000023ce0000 is a thread
R15=0x000000003edcac30 is pointing into the stack for thread: 0x0000000023ce0000


Stack: [0x000000003ecd0000,0x000000003edd0000],  sp=0x000000003edc9ef0,  free space=999k
Native frames: (J=compiled Java code, j=interpreted, Vv=VM code, C=native code)
V  [jvm.dll+0x9c1e6]
V  [jvm.dll+0x9de05]
V  [jvm.dll+0x9e8d0]
V  [jvm.dll+0x9f042]
V  [jvm.dll+0x206d1e]
V  [jvm.dll+0x207f07]
V  [jvm.dll+0x208a46]
V  [jvm.dll+0x2095e8]
C  0x0000000002b25f5e

Java frames: (J=compiled Java code, j=interpreted, Vv=VM code)
v  ~RuntimeStub::resolve_opt_virtual_call
J 25008 C1 java.util.RegularEnumSet.containsAll(Ljava/util/Collection;)Z (58 bytes) @ 0x00000000040cee4c [0x00000000040cea20+0x42c]
J 23360 C1 com.google.common.collect.ImmutableEnumSet.containsAll(Ljava/util/Collection;)Z (24 bytes) @ 0x00000000061e7c94 [0x00000000061e7980+0x314]
J 13478 C1 com.google.common.collect.Sets$2.containsAll(Ljava/util/Collection;)Z (32 bytes) @ 0x0000000003a050fc [0x0000000003a04fe0+0x11c]
J 13441 C1 java.util.AbstractSet.equals(Ljava/lang/Object;)Z (48 bytes) @ 0x0000000003d3023c [0x0000000003d2fd00+0x53c]
j  com.android.build.gradle.internal.pipeline.TransformManager.findTransformStreams(Lcom/android/build/api/transform/Transform;Lcom/android/build/gradle/internal/scope/TransformVariantScope;Ljava/util/List;Ljava/lang/String;Ljava/io/File;)Lcom/android/build/gradle/internal/pipeline/IntermediateStream;+127
j  com.android.build.gradle.internal.pipeline.TransformManager.addTransform(Lcom/android/build/gradle/internal/TaskFactory;Lcom/android/build/gradle/internal/scope/TransformVariantScope;Lcom/android/build/api/transform/Transform;Lcom/android/build/gradle/internal/pipeline/TransformTask$ConfigActionCallback;)Ljava/util/Optional;+54
j  com.android.build.gradle.internal.pipeline.TransformManager.addTransform(Lcom/android/build/gradle/internal/TaskFactory;Lcom/android/build/gradle/internal/scope/TransformVariantScope;Lcom/android/build/api/transform/Transform;)Ljava/util/Optional;+5
j  com.android.build.gradle.internal.TaskManager.createMergeJniLibFoldersTasks(Lcom/android/build/gradle/internal/scope/VariantScope;)Ljava/util/Optional;+343
j  com.android.build.gradle.internal.ApplicationTaskManager.createTasksForVariantScope(Lcom/android/build/gradle/internal/scope/VariantScope;)V+146
j  com.android.build.gradle.internal.VariantManager.createTasksForVariantData(Lcom/android/build/gradle/internal/scope/VariantScope;)V+676
j  com.android.build.gradle.internal.VariantManager.lambda$createAndroidTasks$1(Lcom/android/build/gradle/internal/scope/VariantScope;)V+2
j  com.android.build.gradle.internal.VariantManager$$Lambda$171.call()V+8
j  com.android.builder.profile.ThreadRecorder.record(Lcom/google/wireless/android/sdk/stats/GradleBuildProfileSpan$ExecutionType;Ljava/lang/String;Ljava/lang/String;Lcom/android/builder/profile/Recorder$VoidBlock;)V+17
j  com.android.build.gradle.internal.VariantManager.createAndroidTasks()V+149
j  com.android.build.gradle.BasePlugin.lambda$createAndroidTasks$6()V+4
j  com.android.build.gradle.BasePlugin$$Lambda$111.call()V+4
j  com.android.builder.profile.ThreadRecorder.record(Lcom/google/wireless/android/sdk/stats/GradleBuildProfileSpan$ExecutionType;Ljava/lang/String;Ljava/lang/String;Lcom/android/builder/profile/Recorder$VoidBlock;)V+17
j  com.android.build.gradle.BasePlugin.createAndroidTasks()V+342
j  com.android.build.gradle.BasePlugin.lambda$null$4()V+1
j  com.android.build.gradle.BasePlugin$$Lambda$86.call()V+4
j  com.android.builder.profile.ThreadRecorder.record(Lcom/google/wireless/android/sdk/stats/GradleBuildProfileSpan$ExecutionType;Ljava/lang/String;Ljava/lang/String;Lcom/android/builder/profile/Recorder$VoidBlock;)V+17
j  com.android.build.gradle.BasePlugin.lambda$createTasks$5(Lorg/gradle/api/Project;)V+27
j  com.android.build.gradle.BasePlugin$$Lambda$85.execute(Ljava/lang/Object;)V+8
j  org.gradle.internal.event.BroadcastDispatch$ActionInvocationHandler.dispatch(Lorg/gradle/internal/dispatch/MethodInvocation;)V+27
j  org.gradle.internal.event.BroadcastDispatch$ActionInvocationHandler.dispatch(Ljava/lang/Object;)V+5
J 6400 C2 org.gradle.internal.event.BroadcastDispatch$SingletonDispatch.dispatch(Ljava/lang/Object;)V (9 bytes) @ 0x00000000036cd32c [0x00000000036cd160+0x1cc]
J 9020 C2 org.gradle.internal.dispatch.ProxyDispatchAdapter$DispatchingInvocationHandler.invoke(Ljava/lang/Object;Ljava/lang/reflect/Method;[Ljava/lang/Object;)Ljava/lang/Object; (185 bytes) @ 0x0000000003fa197c [0x0000000003fa14e0+0x49c]
j  com.sun.proxy.$Proxy25.afterEvaluate(Lorg/gradle/api/Project;Lorg/gradle/api/ProjectState;)V+20
j  org.gradle.configuration.project.LifecycleProjectEvaluator.notifyAfterEvaluate(Lorg/gradle/api/ProjectEvaluationListener;Lorg/gradle/api/internal/project/ProjectInternal;Lorg/gradle/api/internal/project/ProjectStateInternal;)V+3
j  org.gradle.configuration.project.LifecycleProjectEvaluator.doConfigure(Lorg/gradle/api/internal/project/ProjectInternal;Lorg/gradle/api/internal/project/ProjectStateInternal;)V+57
j  org.gradle.configuration.project.LifecycleProjectEvaluator.access$100(Lorg/gradle/configuration/project/LifecycleProjectEvaluator;Lorg/gradle/api/internal/project/ProjectInternal;Lorg/gradle/api/internal/project/ProjectStateInternal;)V+3
j  org.gradle.configuration.project.LifecycleProjectEvaluator$ConfigureProject.run(Lorg/gradle/internal/operations/BuildOperationContext;)V+12
J 25110 C2 org.gradle.internal.progress.DefaultBuildOperationExecutor.execute(Lorg/gradle/internal/operations/BuildOperation;Lorg/gradle/internal/operations/BuildOperationWorker;Lorg/gradle/internal/progress/DefaultBuildOperationExecutor$DefaultBuildOperationState;)V (394 bytes) @ 0x00000000040a03a4 [0x000000000409f740+0xc64]
J 13380 C1 org.gradle.internal.progress.DefaultBuildOperationExecutor.run(Lorg/gradle/internal/operations/RunnableBuildOperation;)V (38 bytes) @ 0x000000000428e034 [0x000000000428dd00+0x334]
j  org.gradle.configuration.project.LifecycleProjectEvaluator.evaluate(Lorg/gradle/api/internal/project/ProjectInternal;Lorg/gradle/api/internal/project/ProjectStateInternal;)V+30
j  org.gradle.api.internal.project.DefaultProject.evaluate()Lorg/gradle/api/internal/project/DefaultProject;+9
j  org.gradle.api.internal.project.DefaultProject.evaluate()Lorg/gradle/api/Project;+1
j  org.gradle.execution.TaskPathProjectEvaluator.configure(Lorg/gradle/api/internal/project/ProjectInternal;)V+21
j  org.gradle.execution.TaskPathProjectEvaluator.configureHierarchy(Lorg/gradle/api/internal/project/ProjectInternal;)V+41
j  org.gradle.configuration.DefaultBuildConfigurer.configure(Lorg/gradle/api/internal/GradleInternal;)V+45
j  org.gradle.initialization.DefaultGradleLauncher$ConfigureBuild.run(Lorg/gradle/internal/operations/BuildOperationContext;)V+40
J 25110 C2 org.gradle.internal.progress.DefaultBuildOperationExecutor.execute(Lorg/gradle/internal/operations/BuildOperation;Lorg/gradle/internal/operations/BuildOperationWorker;Lorg/gradle/internal/progress/DefaultBuildOperationExecutor$DefaultBuildOperationState;)V (394 bytes) @ 0x00000000040a03a4 [0x000000000409f740+0xc64]
J 13380 C1 org.gradle.internal.progress.DefaultBuildOperationExecutor.run(Lorg/gradle/internal/operations/RunnableBuildOperation;)V (38 bytes) @ 0x000000000428e034 [0x000000000428dd00+0x334]
j  org.gradle.initialization.DefaultGradleLauncher.configureBuild()V+23
j  org.gradle.initialization.DefaultGradleLauncher.doBuildStages(Lorg/gradle/initialization/DefaultGradleLauncher$Stage;)V+13
j  org.gradle.initialization.DefaultGradleLauncher.executeTasks()Lorg/gradle/api/internal/GradleInternal;+4
j  org.gradle.internal.invocation.GradleBuildController$1.call()Lorg/gradle/api/internal/GradleInternal;+7
j  org.gradle.internal.invocation.GradleBuildController$1.call()Ljava/lang/Object;+1
J 23736 C1 org.gradle.internal.work.DefaultWorkerLeaseService.withLocks(Ljava/lang/Iterable;Ljava/util/concurrent/Callable;)Ljava/lang/Object; (58 bytes) @ 0x00000000066edddc [0x00000000066edb20+0x2bc]
j  org.gradle.internal.invocation.GradleBuildController.doBuild(Ljava/util/concurrent/Callable;)Lorg/gradle/api/internal/GradleInternal;+52
j  org.gradle.internal.invocation.GradleBuildController.run()Lorg/gradle/api/internal/GradleInternal;+9
j  org.gradle.tooling.internal.provider.runner.BuildModelActionRunner.run(Lorg/gradle/internal/invocation/BuildAction;Lorg/gradle/internal/invocation/BuildController;)V+66
j  org.gradle.launcher.exec.ChainingBuildActionRunner.run(Lorg/gradle/internal/invocation/BuildAction;Lorg/gradle/internal/invocation/BuildController;)V+34
j  org.gradle.launcher.exec.ChainingBuildActionRunner.run(Lorg/gradle/internal/invocation/BuildAction;Lorg/gradle/internal/invocation/BuildController;)V+34
j  org.gradle.tooling.internal.provider.ValidatingBuildActionRunner.run(Lorg/gradle/internal/invocation/BuildAction;Lorg/gradle/internal/invocation/BuildController;)V+6
j  org.gradle.launcher.exec.RunAsBuildOperationBuildActionRunner$1.run(Lorg/gradle/internal/operations/BuildOperationContext;)V+15
J 25110 C2 org.gradle.internal.progress.DefaultBuildOperationExecutor.execute(Lorg/gradle/internal/operations/BuildOperation;Lorg/gradle/internal/operations/BuildOperationWorker;Lorg/gradle/internal/progress/DefaultBuildOperationExecutor$DefaultBuildOperationState;)V (394 bytes) @ 0x00000000040a03a4 [0x000000000409f740+0xc64]
J 13380 C1 org.gradle.internal.progress.DefaultBuildOperationExecutor.run(Lorg/gradle/internal/operations/RunnableBuildOperation;)V (38 bytes) @ 0x000000000428e034 [0x000000000428dd00+0x334]
j  org.gradle.launcher.exec.RunAsBuildOperationBuildActionRunner.run(Lorg/gradle/internal/invocation/BuildAction;Lorg/gradle/internal/invocation/BuildController;)V+34
j  org.gradle.tooling.internal.provider.SubscribableBuildActionRunner.run(Lorg/gradle/internal/invocation/BuildAction;Lorg/gradle/internal/invocation/BuildController;)V+40
j  org.gradle.launcher.exec.InProcessBuildActionExecuter.execute(Lorg/gradle/internal/invocation/BuildAction;Lorg/gradle/initialization/BuildRequestContext;Lorg/gradle/launcher/exec/BuildActionParameters;Lorg/gradle/internal/service/ServiceRegistry;)Ljava/lang/Object;+81
j  org.gradle.launcher.exec.InProcessBuildActionExecuter.execute(Lorg/gradle/internal/invocation/BuildAction;Lorg/gradle/initialization/BuildRequestContext;Ljava/lang/Object;Lorg/gradle/internal/service/ServiceRegistry;)Ljava/lang/Object;+9
j  org.gradle.launcher.exec.BuildTreeScopeBuildActionExecuter.execute(Lorg/gradle/internal/invocation/BuildAction;Lorg/gradle/initialization/BuildRequestContext;Lorg/gradle/launcher/exec/BuildActionParameters;Lorg/gradle/internal/service/ServiceRegistry;)Ljava/lang/Object;+38
j  org.gradle.launcher.exec.BuildTreeScopeBuildActionExecuter.execute(Lorg/gradle/internal/invocation/BuildAction;Lorg/gradle/initialization/BuildRequestContext;Ljava/lang/Object;Lorg/gradle/internal/service/ServiceRegistry;)Ljava/lang/Object;+9
j  org.gradle.tooling.internal.provider.ContinuousBuildActionExecuter.execute(Lorg/gradle/internal/invocation/BuildAction;Lorg/gradle/initialization/BuildRequestContext;Lorg/gradle/launcher/exec/BuildActionParameters;Lorg/gradle/internal/service/ServiceRegistry;)Ljava/lang/Object;+63
j  org.gradle.tooling.internal.provider.ContinuousBuildActionExecuter.execute(Lorg/gradle/internal/invocation/BuildAction;Lorg/gradle/initialization/BuildRequestContext;Ljava/lang/Object;Lorg/gradle/internal/service/ServiceRegistry;)Ljava/lang/Object;+9
j  org.gradle.tooling.internal.provider.ServicesSetupBuildActionExecuter.execute(Lorg/gradle/internal/invocation/BuildAction;Lorg/gradle/initialization/BuildRequestContext;Lorg/gradle/launcher/exec/BuildActionParameters;Lorg/gradle/internal/service/ServiceRegistry;)Ljava/lang/Object;+86
j  org.gradle.tooling.internal.provider.ServicesSetupBuildActionExecuter.execute(Lorg/gradle/internal/invocation/BuildAction;Lorg/gradle/initialization/BuildRequestContext;Ljava/lang/Object;Lorg/gradle/internal/service/ServiceRegistry;)Ljava/lang/Object;+9
j  org.gradle.tooling.internal.provider.GradleThreadBuildActionExecuter.execute(Lorg/gradle/internal/invocation/BuildAction;Lorg/gradle/initialization/BuildRequestContext;Lorg/gradle/launcher/exec/BuildActionParameters;Lorg/gradle/internal/service/ServiceRegistry;)Ljava/lang/Object;+12
j  org.gradle.tooling.internal.provider.GradleThreadBuildActionExecuter.execute(Lorg/gradle/internal/invocation/BuildAction;Lorg/gradle/initialization/BuildRequestContext;Ljava/lang/Object;Lorg/gradle/internal/service/ServiceRegistry;)Ljava/lang/Object;+9
j  org.gradle.tooling.internal.provider.ParallelismConfigurationBuildActionExecuter.execute(Lorg/gradle/internal/invocation/BuildAction;Lorg/gradle/initialization/BuildRequestContext;Lorg/gradle/launcher/exec/BuildActionParameters;Lorg/gradle/internal/service/ServiceRegistry;)Ljava/lang/Object;+43
j  org.gradle.tooling.internal.provider.ParallelismConfigurationBuildActionExecuter.execute(Lorg/gradle/internal/invocation/BuildAction;Lorg/gradle/initialization/BuildRequestContext;Ljava/lang/Object;Lorg/gradle/internal/service/ServiceRegistry;)Ljava/lang/Object;+9
j  org.gradle.tooling.internal.provider.StartParamsValidatingActionExecuter.execute(Lorg/gradle/internal/invocation/BuildAction;Lorg/gradle/initialization/BuildRequestContext;Lorg/gradle/launcher/exec/BuildActionParameters;Lorg/gradle/internal/service/ServiceRegistry;)Ljava/lang/Object;+257
j  org.gradle.tooling.internal.provider.StartParamsValidatingActionExecuter.execute(Lorg/gradle/internal/invocation/BuildAction;Lorg/gradle/initialization/BuildRequestContext;Ljava/lang/Object;Lorg/gradle/internal/service/ServiceRegistry;)Ljava/lang/Object;+9
j  org.gradle.tooling.internal.provider.SessionFailureReportingActionExecuter.execute(Lorg/gradle/internal/invocation/BuildAction;Lorg/gradle/initialization/BuildRequestContext;Lorg/gradle/launcher/exec/BuildActionParameters;Lorg/gradle/internal/service/ServiceRegistry;)Ljava/lang/Object;+9
j  org.gradle.tooling.internal.provider.SessionFailureReportingActionExecuter.execute(Lorg/gradle/internal/invocation/BuildAction;Lorg/gradle/initialization/BuildRequestContext;Ljava/lang/Object;Lorg/gradle/internal/service/ServiceRegistry;)Ljava/lang/Object;+9
j  org.gradle.tooling.internal.provider.SetupLoggingActionExecuter.execute(Lorg/gradle/internal/invocation/BuildAction;Lorg/gradle/initialization/BuildRequestContext;Lorg/gradle/launcher/exec/BuildActionParameters;Lorg/gradle/internal/service/ServiceRegistry;)Ljava/lang/Object;+42
j  org.gradle.tooling.internal.provider.SetupLoggingActionExecuter.execute(Lorg/gradle/internal/invocation/BuildAction;Lorg/gradle/initialization/BuildRequestContext;Ljava/lang/Object;Lorg/gradle/internal/service/ServiceRegistry;)Ljava/lang/Object;+9
j  org.gradle.launcher.daemon.server.exec.ExecuteBuild.doBuild(Lorg/gradle/launcher/daemon/server/api/DaemonCommandExecution;Lorg/gradle/launcher/daemon/protocol/Build;)V+114
j  org.gradle.launcher.daemon.server.exec.BuildCommandOnly.execute(Lorg/gradle/launcher/daemon/server/api/DaemonCommandExecution;)V+49
j  org.gradle.launcher.daemon.server.api.DaemonCommandExecution.proceed()Z+28
j  org.gradle.launcher.daemon.server.exec.WatchForDisconnection.execute(Lorg/gradle/launcher/daemon/server/api/DaemonCommandExecution;)V+19
j  org.gradle.launcher.daemon.server.api.DaemonCommandExecution.proceed()Z+28
j  org.gradle.launcher.daemon.server.exec.ResetDeprecationLogger.execute(Lorg/gradle/launcher/daemon/server/api/DaemonCommandExecution;)V+4
j  org.gradle.launcher.daemon.server.api.DaemonCommandExecution.proceed()Z+28
j  org.gradle.launcher.daemon.server.exec.RequestStopIfSingleUsedDaemon.execute(Lorg/gradle/launcher/daemon/server/api/DaemonCommandExecution;)V+33
j  org.gradle.launcher.daemon.server.api.DaemonCommandExecution.proceed()Z+28
j  org.gradle.launcher.daemon.server.exec.ForwardClientInput$2.call()Ljava/lang/Void;+4
j  org.gradle.launcher.daemon.server.exec.ForwardClientInput$2.call()Ljava/lang/Object;+1
j  org.gradle.util.Swapper.swap(Ljava/lang/Object;Ljava/util/concurrent/Callable;)Ljava/lang/Object;+21
j  org.gradle.launcher.daemon.server.exec.ForwardClientInput.execute(Lorg/gradle/launcher/daemon/server/api/DaemonCommandExecution;)V+63
j  org.gradle.launcher.daemon.server.api.DaemonCommandExecution.proceed()Z+28
j  org.gradle.launcher.daemon.server.exec.LogAndCheckHealth.execute(Lorg/gradle/launcher/daemon/server/api/DaemonCommandExecution;)V+28
j  org.gradle.launcher.daemon.server.api.DaemonCommandExecution.proceed()Z+28
j  org.gradle.launcher.daemon.server.exec.LogToClient.doBuild(Lorg/gradle/launcher/daemon/server/api/DaemonCommandExecution;Lorg/gradle/launcher/daemon/protocol/Build;)V+87
j  org.gradle.launcher.daemon.server.exec.BuildCommandOnly.execute(Lorg/gradle/launcher/daemon/server/api/DaemonCommandExecution;)V+49
j  org.gradle.launcher.daemon.server.api.DaemonCommandExecution.proceed()Z+28
j  org.gradle.launcher.daemon.server.exec.EstablishBuildEnvironment.doBuild(Lorg/gradle/launcher/daemon/server/api/DaemonCommandExecution;Lorg/gradle/launcher/daemon/protocol/Build;)V+365
j  org.gradle.launcher.daemon.server.exec.BuildCommandOnly.execute(Lorg/gradle/launcher/daemon/server/api/DaemonCommandExecution;)V+49
j  org.gradle.launcher.daemon.server.api.DaemonCommandExecution.proceed()Z+28
j  org.gradle.launcher.daemon.server.exec.StartBuildOrRespondWithBusy$1.run()V+44
j  org.gradle.launcher.daemon.server.DaemonStateCoordinator$1.run()V+4
J 23988 C2 org.gradle.internal.concurrent.ManagedExecutorImpl$1.run()V (57 bytes) @ 0x0000000004b66528 [0x0000000004b663e0+0x148]
J 23488 C1 java.util.concurrent.ThreadPoolExecutor.runWorker(Ljava/util/concurrent/ThreadPoolExecutor$Worker;)V (225 bytes) @ 0x0000000006608764 [0x0000000006607720+0x1044]
j  java.util.concurrent.ThreadPoolExecutor$Worker.run()V+5
j  org.gradle.internal.concurrent.ThreadFactoryImpl$ManagedThreadRunnable.run()V+7
j  java.lang.Thread.run()V+11
v  ~StubRoutines::call_stub

---------------  P R O C E S S  ---------------

Java Threads: ( => current thread )
  0x0000000023ce9000 JavaThread "Build operations Thread 8" [_thread_blocked, id=5808, stack(0x000000003f8d0000,0x000000003f9d0000)]
  0x0000000023cec000 JavaThread "Build operations Thread 7" [_thread_blocked, id=2784, stack(0x000000003f7d0000,0x000000003f8d0000)]
  0x0000000023ce7800 JavaThread "Build operations Thread 6" [_thread_blocked, id=18000, stack(0x000000003f6d0000,0x000000003f7d0000)]
  0x0000000023ce9800 JavaThread "Build operations Thread 5" [_thread_blocked, id=13944, stack(0x000000003f5d0000,0x000000003f6d0000)]
  0x0000000023ce6800 JavaThread "Build operations Thread 4" [_thread_blocked, id=10912, stack(0x000000003f4d0000,0x000000003f5d0000)]
  0x0000000023ce8000 JavaThread "Build operations Thread 3" [_thread_blocked, id=21040, stack(0x000000003f3d0000,0x000000003f4d0000)]
  0x0000000023cde800 JavaThread "Build operations Thread 2" [_thread_blocked, id=19936, stack(0x000000003f2d0000,0x000000003f3d0000)]
  0x0000000023ce5000 JavaThread "Build operations" [_thread_blocked, id=5464, stack(0x000000003f1d0000,0x000000003f2d0000)]
  0x0000000023cdd800 JavaThread "Cache worker for Artifact transforms cache (C:\Users\ALE\.gradle\caches\transforms-1)" [_thread_blocked, id=6532, stack(0x000000003f0d0000,0x000000003f1d0000)]
  0x0000000023cdd000 JavaThread "Cache worker for file hash cache (C:\Users\ALE\Desktop\Grado\Programacion multimedia\Proyectos\ASE-PR07-Fragments\.gradle\4.6\fileHashes)" [_thread_blocked, id=19064, stack(0x000000003efd0000,0x000000003f0d0000)]
  0x0000000023ce1800 JavaThread "Stdin handler" [_thread_blocked, id=20640, stack(0x000000003eed0000,0x000000003efd0000)]
  0x0000000023ce0800 JavaThread "Asynchronous log dispatcher for DefaultDaemonConnection: socket connection from /127.0.0.1:59940 to /127.0.0.1:60356" [_thread_blocked, id=17080, stack(0x000000003edd0000,0x000000003eed0000)]
=>0x0000000023ce0000 JavaThread "Daemon worker Thread 6" [_thread_in_vm, id=7792, stack(0x000000003ecd0000,0x000000003edd0000)]
  0x0000000023ce3000 JavaThread "Cancel handler" [_thread_blocked, id=21484, stack(0x000000003ebd0000,0x000000003ecd0000)]
  0x0000000023cdf000 JavaThread "Handler for socket connection from /127.0.0.1:59940 to /127.0.0.1:60356" [_thread_in_native, id=19296, stack(0x000000003ead0000,0x000000003ebd0000)]
  0x0000000023ce2000 JavaThread "Daemon Thread 6" [_thread_blocked, id=9856, stack(0x000000003e9d0000,0x000000003ead0000)]
  0x000000001cb38800 JavaThread "pool-1-thread-1" [_thread_blocked, id=2524, stack(0x00000000264c0000,0x00000000265c0000)]
  0x000000001c2c8000 JavaThread "Memory manager" [_thread_blocked, id=2736, stack(0x000000001ff90000,0x0000000020090000)]
  0x000000001a6e3800 JavaThread "File lock request listener" [_thread_in_native, id=20288, stack(0x000000001d1c0000,0x000000001d2c0000)]
  0x0000000019ce2800 JavaThread "Cache worker for file hash cache (C:\Users\ALE\.gradle\caches\4.6\fileHashes)" [_thread_blocked, id=19960, stack(0x000000001d0c0000,0x000000001d1c0000)]
  0x000000001a124800 JavaThread "Daemon periodic checks" [_thread_blocked, id=14272, stack(0x000000001b4f0000,0x000000001b5f0000)]
  0x0000000018a60000 JavaThread "Incoming local TCP Connector on port 59940" [_thread_in_native, id=14044, stack(0x000000001b290000,0x000000001b390000)]
  0x00000000187ef800 JavaThread "Service Thread" daemon [_thread_blocked, id=9464, stack(0x0000000019380000,0x0000000019480000)]
  0x00000000187b0000 JavaThread "C1 CompilerThread3" daemon [_thread_blocked, id=9996, stack(0x0000000019280000,0x0000000019380000)]
  0x00000000168a9000 JavaThread "C2 CompilerThread2" daemon [_thread_blocked, id=7768, stack(0x0000000019180000,0x0000000019280000)]
  0x000000001879f000 JavaThread "C2 CompilerThread1" daemon [_thread_blocked, id=7392, stack(0x0000000019080000,0x0000000019180000)]
  0x000000001879a000 JavaThread "C2 CompilerThread0" daemon [_thread_blocked, id=11232, stack(0x0000000018f80000,0x0000000019080000)]
  0x0000000018798800 JavaThread "Attach Listener" daemon [_thread_blocked, id=10324, stack(0x0000000018e80000,0x0000000018f80000)]
  0x00000000187a6800 JavaThread "Signal Dispatcher" daemon [_thread_blocked, id=19024, stack(0x0000000018d80000,0x0000000018e80000)]
  0x0000000002ade800 JavaThread "Finalizer" daemon [_thread_blocked, id=8984, stack(0x0000000018b70000,0x0000000018c70000)]
  0x0000000002ad7800 JavaThread "Reference Handler" daemon [_thread_blocked, id=14520, stack(0x0000000018670000,0x0000000018770000)]
  0x000000000287e800 JavaThread "main" [_thread_blocked, id=1880, stack(0x00000000028e0000,0x00000000029e0000)]

Other Threads:
  0x0000000016895800 VMThread [stack: 0x0000000018570000,0x0000000018670000] [id=12604]
  0x00000000187f0000 WatcherThread [stack: 0x0000000019480000,0x0000000019580000] [id=9556]

VM state:not at safepoint (normal execution)

VM Mutex/Monitor currently owned by a thread: None

Heap:
 PSYoungGen      total 430080K, used 165349K [0x00000000e0000000, 0x0000000100000000, 0x0000000100000000)
  eden space 340992K, 48% used [0x00000000e0000000,0x00000000ea151580,0x00000000f4d00000)
  from space 89088K, 0% used [0x00000000f4d00000,0x00000000f4d28000,0x00000000fa400000)
  to   space 87552K, 0% used [0x00000000faa80000,0x00000000faa80000,0x0000000100000000)
 ParOldGen       total 162816K, used 49736K [0x00000000a0000000, 0x00000000a9f00000, 0x00000000e0000000)
  object space 162816K, 30% used [0x00000000a0000000,0x00000000a3092340,0x00000000a9f00000)
 Metaspace       used 103728K, capacity 107084K, committed 116824K, reserved 1150976K
  class space    used 12656K, capacity 13315K, committed 14464K, reserved 1048576K

Card table byte_map: [0x0000000011ea0000,0x00000000121b0000] byte_map_base: 0x00000000119a0000

Marking Bits: (ParMarkBitMap*) 0x000000005eca5aa0
 Begin Bits: [0x0000000012bb0000, 0x00000000143b0000)
 End Bits:   [0x00000000143b0000, 0x0000000015bb0000)

Polling page: 0x0000000000960000

CodeCache: size=245760Kb used=70127Kb max_used=72792Kb free=175632Kb
 bounds [0x0000000002ae0000, 0x0000000007280000, 0x0000000011ae0000]
 total_blobs=20869 nmethods=20009 adapters=770
 compilation: enabled

Compilation events (10 events):
Event: 10982.793 Thread 0x00000000187b0000 27319       1       com.android.build.gradle.internal.dsl.AnnotationProcessorOptions::getCompilerArgumentProviders (5 bytes)
Event: 10982.794 Thread 0x00000000187b0000 nmethod 27319 0x00000000053d4590 code [0x00000000053d46e0, 0x00000000053d47f0]
Event: 10982.794 Thread 0x00000000187b0000 27320       1       com.android.build.gradle.BaseExtension::getTestOptions (5 bytes)
Event: 10982.794 Thread 0x00000000187b0000 nmethod 27320 0x00000000053d6990 code [0x00000000053d6ae0, 0x00000000053d6bf0]
Event: 10982.794 Thread 0x00000000187b0000 27321       1       com.android.builder.core.AndroidBuilder::getIssueReporter (5 bytes)
Event: 10982.794 Thread 0x00000000187b0000 nmethod 27321 0x0000000005451450 code [0x00000000054515a0, 0x00000000054516b0]
Event: 10982.794 Thread 0x00000000187b0000 27322       1       com.android.build.gradle.BaseExtension::getSplits (5 bytes)
Event: 10982.794 Thread 0x00000000187b0000 nmethod 27322 0x00000000057cfb50 code [0x00000000057cfca0, 0x00000000057cfdb0]
Event: 10982.828 Thread 0x00000000187b0000 27323       1       org.gradle.api.internal.plugins.DefaultConvention::access$100 (5 bytes)
Event: 10982.829 Thread 0x00000000187b0000 nmethod 27323 0x0000000005972e90 code [0x0000000005972fe0, 0x00000000059730d0]

GC Heap History (10 events):
Event: 5804.187 GC heap before
{Heap before GC invocations=63 (full 7):
 PSYoungGen      total 467456K, used 413184K [0x00000000e0000000, 0x0000000100000000, 0x0000000100000000)
  eden space 413184K, 100% used [0x00000000e0000000,0x00000000f9380000,0x00000000f9380000)
  from space 54272K, 0% used [0x00000000f9380000,0x00000000f9380000,0x00000000fc880000)
  to   space 56832K, 0% used [0x00000000fc880000,0x00000000fc880000,0x0000000100000000)
 ParOldGen       total 257024K, used 156568K [0x00000000a0000000, 0x00000000afb00000, 0x00000000e0000000)
  object space 257024K, 60% used [0x00000000a0000000,0x00000000a98e6380,0x00000000afb00000)
 Metaspace       used 112283K, capacity 115772K, committed 116824K, reserved 1150976K
  class space    used 13551K, capacity 14233K, committed 14464K, reserved 1048576K
Event: 5804.889 GC heap after
Heap after GC invocations=63 (full 7):
 PSYoungGen      total 396800K, used 56814K [0x00000000e0000000, 0x0000000100000000, 0x0000000100000000)
  eden space 339968K, 0% used [0x00000000e0000000,0x00000000e0000000,0x00000000f4c00000)
  from space 56832K, 99% used [0x00000000fc880000,0x00000000ffffb8b8,0x0000000100000000)
  to   space 92160K, 0% used [0x00000000f4c00000,0x00000000f4c00000,0x00000000fa600000)
 ParOldGen       total 257024K, used 164795K [0x00000000a0000000, 0x00000000afb00000, 0x00000000e0000000)
  object space 257024K, 64% used [0x00000000a0000000,0x00000000aa0eecb8,0x00000000afb00000)
 Metaspace       used 112283K, capacity 115772K, committed 116824K, reserved 1150976K
  class space    used 13551K, capacity 14233K, committed 14464K, reserved 1048576K
}
Event: 5814.382 GC heap before
{Heap before GC invocations=64 (full 7):
 PSYoungGen      total 396800K, used 396782K [0x00000000e0000000, 0x0000000100000000, 0x0000000100000000)
  eden space 339968K, 100% used [0x00000000e0000000,0x00000000f4c00000,0x00000000f4c00000)
  from space 56832K, 99% used [0x00000000fc880000,0x00000000ffffb8b8,0x0000000100000000)
  to   space 92160K, 0% used [0x00000000f4c00000,0x00000000f4c00000,0x00000000fa600000)
 ParOldGen       total 257024K, used 164795K [0x00000000a0000000, 0x00000000afb00000, 0x00000000e0000000)
  object space 257024K, 64% used [0x00000000a0000000,0x00000000aa0eecb8,0x00000000afb00000)
 Metaspace       used 112380K, capacity 115884K, committed 116824K, reserved 1150976K
  class space    used 13556K, capacity 14241K, committed 14464K, reserved 1048576K
Event: 5814.440 GC heap after
Heap after GC invocations=64 (full 7):
 PSYoungGen      total 432128K, used 1594K [0x00000000e0000000, 0x0000000100000000, 0x0000000100000000)
  eden space 339968K, 0% used [0x00000000e0000000,0x00000000e0000000,0x00000000f4c00000)
  from space 92160K, 1% used [0x00000000f4c00000,0x00000000f4d8eb10,0x00000000fa600000)
  to   space 91136K, 0% used [0x00000000fa700000,0x00000000fa700000,0x0000000100000000)
 ParOldGen       total 257024K, used 211975K [0x00000000a0000000, 0x00000000afb00000, 0x00000000e0000000)
  object space 257024K, 82% used [0x00000000a0000000,0x00000000acf01e28,0x00000000afb00000)
 Metaspace       used 112380K, capacity 115884K, committed 116824K, reserved 1150976K
  class space    used 13556K, capacity 14241K, committed 14464K, reserved 1048576K
}
Event: 5814.440 GC heap before
{Heap before GC invocations=65 (full 8):
 PSYoungGen      total 432128K, used 1594K [0x00000000e0000000, 0x0000000100000000, 0x0000000100000000)
  eden space 339968K, 0% used [0x00000000e0000000,0x00000000e0000000,0x00000000f4c00000)
  from space 92160K, 1% used [0x00000000f4c00000,0x00000000f4d8eb10,0x00000000fa600000)
  to   space 91136K, 0% used [0x00000000fa700000,0x00000000fa700000,0x0000000100000000)
 ParOldGen       total 257024K, used 211975K [0x00000000a0000000, 0x00000000afb00000, 0x00000000e0000000)
  object space 257024K, 82% used [0x00000000a0000000,0x00000000acf01e28,0x00000000afb00000)
 Metaspace       used 112380K, capacity 115884K, committed 116824K, reserved 1150976K
  class space    used 13556K, capacity 14241K, committed 14464K, reserved 1048576K
Event: 5814.869 GC heap after
Heap after GC invocations=65 (full 8):
 PSYoungGen      total 432128K, used 0K [0x00000000e0000000, 0x0000000100000000, 0x0000000100000000)
  eden space 339968K, 0% used [0x00000000e0000000,0x00000000e0000000,0x00000000f4c00000)
  from space 92160K, 0% used [0x00000000f4c00000,0x00000000f4c00000,0x00000000fa600000)
  to   space 91136K, 0% used [0x00000000fa700000,0x00000000fa700000,0x0000000100000000)
 ParOldGen       total 162816K, used 47027K [0x00000000a0000000, 0x00000000a9f00000, 0x00000000e0000000)
  object space 162816K, 28% used [0x00000000a0000000,0x00000000a2dece28,0x00000000a9f00000)
 Metaspace       used 103604K, capacity 106968K, committed 116824K, reserved 1150976K
  class space    used 12652K, capacity 13307K, committed 14464K, reserved 1048576K
}
Event: 5819.837 GC heap before
{Heap before GC invocations=66 (full 8):
 PSYoungGen      total 432128K, used 339505K [0x00000000e0000000, 0x0000000100000000, 0x0000000100000000)
  eden space 339968K, 99% used [0x00000000e0000000,0x00000000f4b8c740,0x00000000f4c00000)
  from space 92160K, 0% used [0x00000000f4c00000,0x00000000f4c00000,0x00000000fa600000)
  to   space 91136K, 0% used [0x00000000fa700000,0x00000000fa700000,0x0000000100000000)
 ParOldGen       total 162816K, used 47027K [0x00000000a0000000, 0x00000000a9f00000, 0x00000000e0000000)
  object space 162816K, 28% used [0x00000000a0000000,0x00000000a2dece28,0x00000000a9f00000)
 Metaspace       used 103678K, capacity 107016K, committed 116824K, reserved 1150976K
  class space    used 12656K, capacity 13315K, committed 14464K, reserved 1048576K
Event: 5819.843 GC heap after
Heap after GC invocations=66 (full 8):
 PSYoungGen      total 427008K, used 7285K [0x00000000e0000000, 0x00000000ffb00000, 0x0000000100000000)
  eden space 340992K, 0% used [0x00000000e0000000,0x00000000e0000000,0x00000000f4d00000)
  from space 86016K, 8% used [0x00000000fa700000,0x00000000fae1d4f8,0x00000000ffb00000)
  to   space 89088K, 0% used [0x00000000f4d00000,0x00000000f4d00000,0x00000000fa400000)
 ParOldGen       total 162816K, used 47035K [0x00000000a0000000, 0x00000000a9f00000, 0x00000000e0000000)
  object space 162816K, 28% used [0x00000000a0000000,0x00000000a2deee28,0x00000000a9f00000)
 Metaspace       used 103678K, capacity 107016K, committed 116824K, reserved 1150976K
  class space    used 12656K, capacity 13315K, committed 14464K, reserved 1048576K
}
Event: 5819.975 GC heap before
{Heap before GC invocations=67 (full 8):
 PSYoungGen      total 427008K, used 348123K [0x00000000e0000000, 0x00000000ffb00000, 0x0000000100000000)
  eden space 340992K, 99% used [0x00000000e0000000,0x00000000f4cd9718,0x00000000f4d00000)
  from space 86016K, 8% used [0x00000000fa700000,0x00000000fae1d4f8,0x00000000ffb00000)
  to   space 89088K, 0% used [0x00000000f4d00000,0x00000000f4d00000,0x00000000fa400000)
 ParOldGen       total 162816K, used 47035K [0x00000000a0000000, 0x00000000a9f00000, 0x00000000e0000000)
  object space 162816K, 28% used [0x00000000a0000000,0x00000000a2deee28,0x00000000a9f00000)
 Metaspace       used 103678K, capacity 107016K, committed 116824K, reserved 1150976K
  class space    used 12656K, capacity 13315K, committed 14464K, reserved 1048576K
Event: 5819.983 GC heap after
Heap after GC invocations=67 (full 8):
 PSYoungGen      total 430080K, used 160K [0x00000000e0000000, 0x0000000100000000, 0x0000000100000000)
  eden space 340992K, 0% used [0x00000000e0000000,0x00000000e0000000,0x00000000f4d00000)
  from space 89088K, 0% used [0x00000000f4d00000,0x00000000f4d28000,0x00000000fa400000)
  to   space 87552K, 0% used [0x00000000faa80000,0x00000000faa80000,0x0000000100000000)
 ParOldGen       total 162816K, used 49736K [0x00000000a0000000, 0x00000000a9f00000, 0x00000000e0000000)
  object space 162816K, 30% used [0x00000000a0000000,0x00000000a3092340,0x00000000a9f00000)
 Metaspace       used 103678K, capacity 107016K, committed 116824K, reserved 1150976K
  class space    used 12656K, capacity 13315K, committed 14464K, reserved 1048576K
}

Deoptimization events (10 events):
Event: 5818.864 Thread 0x000000001c2d0000 Uncommon trap: reason=bimorphic action=maybe_recompile pc=0x00000000031ad368 method=java.io.DataInputStream.readUnsignedShort()I @ 4
Event: 5818.886 Thread 0x000000001c2d0000 Uncommon trap: reason=unstable_if action=reinterpret pc=0x0000000003375bb8 method=java.lang.ref.SoftReference.get()Ljava/lang/Object; @ 6
Event: 5818.911 Thread 0x000000001c2d0000 Uncommon trap: reason=unstable_if action=reinterpret pc=0x00000000037599cc method=java.lang.ref.SoftReference.get()Ljava/lang/Object; @ 6
Event: 5818.912 Thread 0x000000001c2d0000 Uncommon trap: reason=unstable_if action=reinterpret pc=0x0000000003398684 method=java.lang.ref.SoftReference.get()Ljava/lang/Object; @ 6
Event: 5818.916 Thread 0x000000001c2d0000 Uncommon trap: reason=unstable_if action=reinterpret pc=0x0000000003777d14 method=java.lang.ref.SoftReference.get()Ljava/lang/Object; @ 6
Event: 5818.917 Thread 0x000000001c2d0000 Uncommon trap: reason=unstable_if action=reinterpret pc=0x00000000033cb028 method=java.lang.ref.SoftReference.get()Ljava/lang/Object; @ 6
Event: 5818.975 Thread 0x000000001c2d0000 Uncommon trap: reason=class_check action=maybe_recompile pc=0x0000000003243f00 method=java.lang.Throwable.<init>(Ljava/lang/String;Ljava/lang/Throwable;)V @ 24
Event: 5821.601 Thread 0x000000001c2d0000 Uncommon trap: reason=unstable_if action=reinterpret pc=0x00000000052f442c method=com.google.common.base.Objects.equal(Ljava/lang/Object;Ljava/lang/Object;)Z @ 14
Event: 5821.602 Thread 0x000000001c2d0000 Uncommon trap: reason=unstable_if action=reinterpret pc=0x000000000514db04 method=com.google.common.base.Objects.equal(Ljava/lang/Object;Ljava/lang/Object;)Z @ 14
Event: 5823.257 Thread 0x000000001e19a000 Uncommon trap: reason=unstable_if action=reinterpret pc=0x00000000055ddf5c method=java.lang.Long.numberOfLeadingZeros(J)I @ 18

Classes redefined (0 events):
No events

Internal exceptions (10 events):
Event: 10982.455 Thread 0x0000000023ce0000 Exception <a 'sun/nio/fs/WindowsException'> (0x00000000e9f51258) thrown at [D:\src\AOSP-openjdk-cygwin\jdk8u\hotspot\src\share\vm\prims\jni.cpp, line 709]
Event: 10982.456 Thread 0x0000000023ce0000 Exception <a 'sun/nio/fs/WindowsException'> (0x00000000e9f51f40) thrown at [D:\src\AOSP-openjdk-cygwin\jdk8u\hotspot\src\share\vm\prims\jni.cpp, line 709]
Event: 10982.457 Thread 0x0000000023ce0000 Exception <a 'sun/nio/fs/WindowsException'> (0x00000000e9f54990) thrown at [D:\src\AOSP-openjdk-cygwin\jdk8u\hotspot\src\share\vm\prims\jni.cpp, line 709]
Event: 10982.457 Thread 0x0000000023ce0000 Exception <a 'sun/nio/fs/WindowsException'> (0x00000000e9f55560) thrown at [D:\src\AOSP-openjdk-cygwin\jdk8u\hotspot\src\share\vm\prims\jni.cpp, line 709]
Event: 10982.457 Thread 0x0000000023ce0000 Exception <a 'sun/nio/fs/WindowsException'> (0x00000000e9f57178) thrown at [D:\src\AOSP-openjdk-cygwin\jdk8u\hotspot\src\share\vm\prims\jni.cpp, line 709]
Event: 10982.457 Thread 0x0000000023ce0000 Exception <a 'sun/nio/fs/WindowsException'> (0x00000000e9f57d80) thrown at [D:\src\AOSP-openjdk-cygwin\jdk8u\hotspot\src\share\vm\prims\jni.cpp, line 709]
Event: 10982.458 Thread 0x0000000023ce0000 Exception <a 'sun/nio/fs/WindowsException'> (0x00000000e9f5a990) thrown at [D:\src\AOSP-openjdk-cygwin\jdk8u\hotspot\src\share\vm\prims\jni.cpp, line 709]
Event: 10982.459 Thread 0x0000000023ce0000 Exception <a 'sun/nio/fs/WindowsException'> (0x00000000e9f5b638) thrown at [D:\src\AOSP-openjdk-cygwin\jdk8u\hotspot\src\share\vm\prims\jni.cpp, line 709]
Event: 10982.459 Thread 0x0000000023ce0000 Exception <a 'sun/nio/fs/WindowsException'> (0x00000000e9f5d318) thrown at [D:\src\AOSP-openjdk-cygwin\jdk8u\hotspot\src\share\vm\prims\jni.cpp, line 709]
Event: 10982.459 Thread 0x0000000023ce0000 Exception <a 'sun/nio/fs/WindowsException'> (0x00000000e9f5e000) thrown at [D:\src\AOSP-openjdk-cygwin\jdk8u\hotspot\src\share\vm\prims\jni.cpp, line 709]

Events (10 events):
Event: 10980.340 Thread 0x00000000187b0000 flushing nmethod 0x0000000003291110
Event: 10980.342 Thread 0x00000000187b0000 flushing nmethod 0x0000000003375250
Event: 10980.342 Thread 0x00000000187b0000 flushing nmethod 0x0000000003398490
Event: 10980.343 Thread 0x00000000187b0000 flushing nmethod 0x00000000033ca7d0
Event: 10980.373 Thread 0x00000000187b0000 flushing nmethod 0x0000000003759250
Event: 10980.373 Thread 0x00000000187b0000 flushing nmethod 0x0000000003777050
Event: 10980.405 Thread 0x00000000187b0000 flushing nmethod 0x000000000395c4d0
Event: 10980.484 Thread 0x00000000187b0000 flushing nmethod 0x000000000586e650
Event: 10980.577 Thread 0x00000000187b0000 flushing nmethod 0x0000000006522550
Event: 10980.577 Thread 0x00000000187b0000 flushing nmethod 0x000000000652c350


Dynamic libraries:
0x00007ff7e4f80000 - 0x00007ff7e4fb1000 	C:\Program Files\Android\Android Studio\jre\bin\java.exe
0x00007ffed8d30000 - 0x00007ffed8f11000 	C:\WINDOWS\SYSTEM32\ntdll.dll
0x00007ffed8430000 - 0x00007ffed84e2000 	C:\WINDOWS\System32\KERNEL32.DLL
0x00007ffed5a50000 - 0x00007ffed5cc3000 	C:\WINDOWS\System32\KERNELBASE.dll
0x00007ffed8760000 - 0x00007ffed8801000 	C:\WINDOWS\System32\ADVAPI32.dll
0x00007ffed8c60000 - 0x00007ffed8cfe000 	C:\WINDOWS\System32\msvcrt.dll
0x00007ffed8130000 - 0x00007ffed818b000 	C:\WINDOWS\System32\sechost.dll
0x00007ffed66e0000 - 0x00007ffed6804000 	C:\WINDOWS\System32\RPCRT4.dll
0x00007ffed85c0000 - 0x00007ffed8750000 	C:\WINDOWS\System32\USER32.dll
0x00007ffed6000000 - 0x00007ffed6020000 	C:\WINDOWS\System32\win32u.dll
0x00007ffed8260000 - 0x00007ffed8288000 	C:\WINDOWS\System32\GDI32.dll
0x00007ffed6020000 - 0x00007ffed61b2000 	C:\WINDOWS\System32\gdi32full.dll
0x00007ffed5cd0000 - 0x00007ffed5d6f000 	C:\WINDOWS\System32\msvcp_win.dll
0x00007ffed5df0000 - 0x00007ffed5eea000 	C:\WINDOWS\System32\ucrtbase.dll
0x00007ffec3c10000 - 0x00007ffec3e79000 	C:\WINDOWS\WinSxS\amd64_microsoft.windows.common-controls_6595b64144ccf1df_6.0.17134.407_none_fb449d63306391e9\COMCTL32.dll
0x00007ffed6330000 - 0x00007ffed6652000 	C:\WINDOWS\System32\combase.dll
0x00007ffed5d70000 - 0x00007ffed5dea000 	C:\WINDOWS\System32\bcryptPrimitives.dll
0x00007ffed8100000 - 0x00007ffed812d000 	C:\WINDOWS\System32\IMM32.DLL
0x0000000060620000 - 0x00000000606f2000 	C:\Program Files\Android\Android Studio\jre\jre\bin\msvcr100.dll
0x000000005e4e0000 - 0x000000005ed21000 	C:\Program Files\Android\Android Studio\jre\jre\bin\server\jvm.dll
0x00007ffed6810000 - 0x00007ffed6818000 	C:\WINDOWS\System32\PSAPI.DLL
0x00007ffec6cb0000 - 0x00007ffec6cba000 	C:\WINDOWS\SYSTEM32\VERSION.dll
0x00007ffed1ff0000 - 0x00007ffed2013000 	C:\WINDOWS\SYSTEM32\WINMM.dll
0x00007ffecbf70000 - 0x00007ffecbf79000 	C:\WINDOWS\SYSTEM32\WSOCK32.dll
0x00007ffed1fc0000 - 0x00007ffed1fea000 	C:\WINDOWS\SYSTEM32\winmmbase.dll
0x00007ffed5a00000 - 0x00007ffed5a49000 	C:\WINDOWS\System32\cfgmgr32.dll
0x00007ffed6820000 - 0x00007ffed688c000 	C:\WINDOWS\System32\WS2_32.dll
0x00007ffecad00000 - 0x00007ffecad0f000 	C:\Program Files\Android\Android Studio\jre\jre\bin\verify.dll
0x00007ffecacd0000 - 0x00007ffecacf9000 	C:\Program Files\Android\Android Studio\jre\jre\bin\java.dll
0x00007ffec8bc0000 - 0x00007ffec8bd6000 	C:\Program Files\Android\Android Studio\jre\jre\bin\zip.dll
0x00007ffed68f0000 - 0x00007ffed7d2f000 	C:\WINDOWS\System32\SHELL32.dll
0x00007ffed8510000 - 0x00007ffed85b9000 	C:\WINDOWS\System32\shcore.dll
0x00007ffed5100000 - 0x00007ffed580d000 	C:\WINDOWS\System32\windows.storage.dll
0x00007ffed7d30000 - 0x00007ffed7d81000 	C:\WINDOWS\System32\shlwapi.dll
0x00007ffed5060000 - 0x00007ffed5071000 	C:\WINDOWS\System32\kernel.appcore.dll
0x00007ffed5090000 - 0x00007ffed50af000 	C:\WINDOWS\System32\profapi.dll
0x00007ffed50b0000 - 0x00007ffed50fc000 	C:\WINDOWS\System32\powrprof.dll
0x00007ffed5080000 - 0x00007ffed508a000 	C:\WINDOWS\System32\FLTLIB.DLL
0x00007ffec8ba0000 - 0x00007ffec8bba000 	C:\Program Files\Android\Android Studio\jre\jre\bin\net.dll
0x00007ffed4860000 - 0x00007ffed48c6000 	C:\WINDOWS\system32\mswsock.dll
0x00007ffec7e40000 - 0x00007ffec7e51000 	C:\Program Files\Android\Android Studio\jre\jre\bin\nio.dll
0x00007ffecdac0000 - 0x00007ffecdade000 	C:\Users\ALE\.gradle\native\25\windows-amd64\native-platform.dll
0x00007ffec9780000 - 0x00007ffec978d000 	C:\Program Files\Android\Android Studio\jre\jre\bin\management.dll
0x00007ffed4a10000 - 0x00007ffed4a27000 	C:\WINDOWS\SYSTEM32\CRYPTSP.dll
0x00007ffed4440000 - 0x00007ffed4473000 	C:\WINDOWS\system32\rsaenh.dll
0x00007ffed4b40000 - 0x00007ffed4b65000 	C:\WINDOWS\SYSTEM32\bcrypt.dll
0x00007ffed4f70000 - 0x00007ffed4f98000 	C:\WINDOWS\SYSTEM32\USERENV.dll
0x00007ffed4a30000 - 0x00007ffed4a3b000 	C:\WINDOWS\SYSTEM32\CRYPTBASE.dll
0x00007ffed45e0000 - 0x00007ffed4618000 	C:\WINDOWS\SYSTEM32\IPHLPAPI.DLL
0x00007ffed8750000 - 0x00007ffed8758000 	C:\WINDOWS\System32\NSI.dll
0x00007ffecee90000 - 0x00007ffeceea6000 	C:\WINDOWS\SYSTEM32\dhcpcsvc6.DLL
0x00007ffecee70000 - 0x00007ffecee8a000 	C:\WINDOWS\SYSTEM32\dhcpcsvc.DLL
0x00007ffed4130000 - 0x00007ffed4161000 	C:\WINDOWS\SYSTEM32\ntmarta.dll
0x00007ffec5590000 - 0x00007ffec5759000 	C:\WINDOWS\SYSTEM32\dbghelp.dll

VM Arguments:
jvm_args: -Xmx1536m -Dfile.encoding=windows-1252 -Duser.country=ES -Duser.language=es -Duser.variant 
java_command: org.gradle.launcher.daemon.bootstrap.GradleDaemon 4.6
java_class_path (initial): C:\Users\ALE\.gradle\wrapper\dists\gradle-4.6-all\bcst21l2brirad8k2ben1letg\gradle-4.6\lib\gradle-launcher-4.6.jar
Launcher Type: SUN_STANDARD

Environment Variables:
PATH=C:\Python27\;C:\Python27\Scripts;C:\ProgramData\Boxstarter;C:\Program Files (x86)\Common Files\Oracle\Java\javapath;C:\ProgramData\Oracle\Java\javapath;C:\Program Files (x86)\Intel\iCLS Client\;C:\Program Files\Intel\iCLS Client\;C:\Windows\system32;C:\Windows;C:\Windows\System32\Wbem;C:\Windows\System32\WindowsPowerShell\v1.0\;C:\Program Files (x86)\Intel\Intel(R) Management Engine Components\DAL;C:\Program Files\Intel\Intel(R) Management Engine Components\DAL;C:\Program Files (x86)\Intel\Intel(R) Management Engine Components\IPT;C:\Program Files\Intel\Intel(R) Management Engine Components\IPT;C:\Program Files (x86)\NVIDIA Corporation\PhysX\Common;C:\WINDOWS\system32;C:\WINDOWS;C:\WINDOWS\System32\Wbem;C:\WINDOWS\System32\WindowsPowerShell\v1.0\;C:\Program Files\MySQL\MySQL Utilities 1.6\;C:\Program Files\Git\cmd;C:\WINDOWS\System32\OpenSSH\;C:\Program Files\nodejs\;C:\ProgramData\chocolatey\bin;C:\Program Files (x86)\Yarn\bin\;C:\Users\ALE\AppData\Local\Microsoft\WindowsApps;C:\Users\ALE\AppData\Roaming\npm;C:\Users\ALE\AppData\Local\Yarn\bin
USERNAME=ALE
OS=Windows_NT
PROCESSOR_IDENTIFIER=Intel64 Family 6 Model 70 Stepping 1, GenuineIntel



---------------  S Y S T E M  ---------------

OS: Windows 10.0 , 64 bit Build 17134 (10.0.17134.1)

CPU:total 8 (initial active 8) (4 cores per cpu, 2 threads per core) family 6 model 70 stepping 1, cmov, cx8, fxsr, mmx, sse, sse2, sse3, ssse3, sse4.1, sse4.2, popcnt, avx, avx2, aes, clmul, erms, lzcnt, ht, tsc, tscinvbit, bmi1, bmi2

Memory: 4k page, physical 4080688k(745496k free), swap 7297816k(1304248k free)

vm_info: OpenJDK 64-Bit Server VM (25.152-b06) for windows-amd64 JRE (1.8.0_152-release-1136-b06), built by "builder" with MS VC++ 10.0 (VS2010)

time: Thu Dec 06 20:13:47 2018
elapsed time: 10983 seconds (0d 3h 3m 3s)

